<testsuite errors="0" failures="0" name="nose2-junit" skipped="0" tests="51" time="0.017">
  <testcase classname="perfmetrics.tests.test_clientstack.Test_ClientStack" name="test_clear" time="0.000193" />
  <testcase classname="perfmetrics.tests.test_clientstack.Test_ClientStack" name="test_ctor" time="0.000100" />
  <testcase classname="perfmetrics.tests.test_clientstack.Test_ClientStack" name="test_get_with_client" time="0.000134" />
  <testcase classname="perfmetrics.tests.test_clientstack.Test_ClientStack" name="test_get_without_client" time="0.000081" />
  <testcase classname="perfmetrics.tests.test_clientstack.Test_ClientStack" name="test_pop_with_client" time="0.000090" />
  <testcase classname="perfmetrics.tests.test_clientstack.Test_ClientStack" name="test_pop_without_client" time="0.000090" />
  <testcase classname="perfmetrics.tests.test_clientstack.Test_ClientStack" name="test_push" time="0.000085" />
  <testcase classname="perfmetrics.tests.test_perfmetrics.TestMetric" name="test_as_context_manager_with_neither_count_nor_timing" time="0.000143" />
  <testcase classname="perfmetrics.tests.test_perfmetrics.TestMetric" name="test_as_context_manager_with_stat_name" time="0.000163" />
  <testcase classname="perfmetrics.tests.test_perfmetrics.TestMetric" name="test_as_context_manager_without_count" time="0.000133" />
  <testcase classname="perfmetrics.tests.test_perfmetrics.TestMetric" name="test_as_context_manager_without_stat_name" time="0.000113" />
  <testcase classname="perfmetrics.tests.test_perfmetrics.TestMetric" name="test_as_context_manager_without_timing" time="0.000133" />
  <testcase classname="perfmetrics.tests.test_perfmetrics.TestMetric" name="test_ctor_with_defaults" time="0.000086" />
  <testcase classname="perfmetrics.tests.test_perfmetrics.TestMetric" name="test_ctor_with_options" time="0.000093" />
  <testcase classname="perfmetrics.tests.test_perfmetrics.TestMetric" name="test_decorate_function" time="0.000159" />
  <testcase classname="perfmetrics.tests.test_perfmetrics.TestMetric" name="test_decorate_method" time="0.000167" />
  <testcase classname="perfmetrics.tests.test_perfmetrics.TestMetric" name="test_decorate_with_neither_timing_nor_count" time="0.000136" />
  <testcase classname="perfmetrics.tests.test_perfmetrics.TestMetric" name="test_decorate_without_count" time="0.000144" />
  <testcase classname="perfmetrics.tests.test_perfmetrics.TestMetric" name="test_decorate_without_timing" time="0.000147" />
  <testcase classname="perfmetrics.tests.test_perfmetrics.TestMetric" name="test_ignore_context_manager_sample" time="0.000116" />
  <testcase classname="perfmetrics.tests.test_perfmetrics.TestMetric" name="test_ignore_function_sample" time="0.000116" />
  <testcase classname="perfmetrics.tests.test_perfmetrics.Test_includeme" name="test_with_statsd_uri" time="0.000099" />
  <testcase classname="perfmetrics.tests.test_perfmetrics.Test_includeme" name="test_without_statsd_uri" time="0.000078" />
  <testcase classname="perfmetrics.tests.test_perfmetrics.Test_make_statsd_app" name="test_with_statsd_uri" time="0.001651" />
  <testcase classname="perfmetrics.tests.test_perfmetrics.Test_make_statsd_app" name="test_without_statsd_uri" time="0.000126" />
  <testcase classname="perfmetrics.tests.test_perfmetrics.Test_statsd_client_from_uri" name="test_local_uri" time="0.000460" />
  <testcase classname="perfmetrics.tests.test_perfmetrics.Test_statsd_client_from_uri" name="test_unsupported_uri" time="0.000152" />
  <testcase classname="perfmetrics.tests.test_perfmetrics.Test_statsd_client_from_uri" name="test_with_custom_prefix" time="0.000425" />
  <testcase classname="perfmetrics.tests.test_perfmetrics.Test_statsd_config_functions" name="test_configured_with_other_client" time="0.000103" />
  <testcase classname="perfmetrics.tests.test_perfmetrics.Test_statsd_config_functions" name="test_configured_with_uri" time="0.000404" />
  <testcase classname="perfmetrics.tests.test_perfmetrics.Test_statsd_config_functions" name="test_unconfigured" time="0.000092" />
  <testcase classname="perfmetrics.tests.test_perfmetrics.Test_tween" name="test_call_tween" time="0.000634" />
  <testcase classname="perfmetrics.tests.test_statsd.TestStatsdClient" name="test_ctor_with_defaults" time="0.000365" />
  <testcase classname="perfmetrics.tests.test_statsd.TestStatsdClient" name="test_ctor_with_options" time="0.000360" />
  <testcase classname="perfmetrics.tests.test_statsd.TestStatsdClient" name="test_decr" time="0.000409" />
  <testcase classname="perfmetrics.tests.test_statsd.TestStatsdClient" name="test_gauge_with_buf" time="0.000399" />
  <testcase classname="perfmetrics.tests.test_statsd.TestStatsdClient" name="test_gauge_with_rate_1" time="0.000397" />
  <testcase classname="perfmetrics.tests.test_statsd.TestStatsdClient" name="test_gauge_with_rate_too_low" time="0.000407" />
  <testcase classname="perfmetrics.tests.test_statsd.TestStatsdClient" name="test_incr_by_amount_with_one_metric" time="0.000393" />
  <testcase classname="perfmetrics.tests.test_statsd.TestStatsdClient" name="test_incr_by_amount_with_two_metrics" time="0.000400" />
  <testcase classname="perfmetrics.tests.test_statsd.TestStatsdClient" name="test_incr_with_one_metric" time="0.000396" />
  <testcase classname="perfmetrics.tests.test_statsd.TestStatsdClient" name="test_incr_with_rate_hit" time="0.000403" />
  <testcase classname="perfmetrics.tests.test_statsd.TestStatsdClient" name="test_incr_with_rate_miss" time="0.000392" />
  <testcase classname="perfmetrics.tests.test_statsd.TestStatsdClient" name="test_incr_with_rate_too_low" time="0.000449" />
  <testcase classname="perfmetrics.tests.test_statsd.TestStatsdClient" name="test_incr_with_two_metrics" time="0.000421" />
  <testcase classname="perfmetrics.tests.test_statsd.TestStatsdClient" name="test_send_with_ioerror" time="0.000517" />
  <testcase classname="perfmetrics.tests.test_statsd.TestStatsdClient" name="test_sendbuf_with_empty_buf" time="0.000440" />
  <testcase classname="perfmetrics.tests.test_statsd.TestStatsdClient" name="test_sendbuf_with_ioerror" time="0.000430" />
  <testcase classname="perfmetrics.tests.test_statsd.TestStatsdClient" name="test_timing_with_buf" time="0.000441" />
  <testcase classname="perfmetrics.tests.test_statsd.TestStatsdClient" name="test_timing_with_rate_1" time="0.000426" />
  <testcase classname="perfmetrics.tests.test_statsd.TestStatsdClient" name="test_timing_with_rate_too_low" time="0.000420" />
</testsuite>
